<?xml version="1.0" encoding="UTF-8"?>
<testsuite xmlns:xsi="http://www.w3.org/2001/XMLSchema-instance" xsi:noNamespaceSchemaLocation="https://maven.apache.org/surefire/maven-surefire-plugin/xsd/surefire-test-report.xsd" name="TestClassTestTwo" time="0.043" tests="4" errors="0" skipped="0" failures="0">
  <properties>
[...]
</properties>
  <testcase name="mainThree" classname="TestClassTestTwo" time="0.021"/>
  <testcase name="mainOneA" classname="TestClassTestTwo" time="0.002"/>
  <testcase name="mainOneB" classname="TestClassTestTwo" time="0.002"/>
  <testcase name="mainTwo" classname="TestClassTestTwo" time="0.002"/>
</testsuite>